


ARM Macro Assembler    Page 1 


    1 00000000         ; Use built-in LED on Port F
    2 00000000 400253FC 
                       GPIO_PORTF_DATA_R
                               EQU              0x400253FC
    3 00000000 40025400 
                       GPIO_PORTF_DIR_R
                               EQU              0x40025400
    4 00000000 40025420 
                       GPIO_PORTF_AFSEL_R
                               EQU              0x40025420
    5 00000000 40025510 
                       GPIO_PORTF_PUR_R
                               EQU              0x40025510
    6 00000000 4002551C 
                       GPIO_PORTF_DEN_R
                               EQU              0x4002551C
    7 00000000 40025528 
                       GPIO_PORTF_AMSEL_R
                               EQU              0x40025528
    8 00000000 4002552C 
                       GPIO_PORTF_PCTL_R
                               EQU              0x4002552C
    9 00000000 400FE608 
                       SYSCTL_RCGCGPIO_R
                               EQU              0x400FE608
   10 00000000 0000FFF0 
                       PCTLCNST
                               EQU              0x0000FFF0
   11 00000000         
   12 00000000 00186A00 
                       DELAYCNTR
                               EQU              1600000     ; .1 sec at 16MHZ (
                                                            16,000,000/10)
   13 00000000 00061A80 
                       DELAYCNTRSHORT
                               EQU              DELAYCNTR/4
   14 00000000         
   15 00000000                 AREA             |.text|, CODE, READONLY
   16 00000000                 THUMB
   17 00000000                 EXPORT           _Init_PortF
   18 00000000         
   19 00000000         ;*******************************************************
                       **
   20 00000000         ; _Init_PortF subroutine
   21 00000000         ;*******************************************************
                       **
   22 00000000         ; Make Port F 1-3 outputs, enable digital I/O, ensure al
                       t. functions off.
   23 00000000         ; Input: none  Output: none   Modifies: R0, R1
   24 00000000         ; 32 lines of assembly code available in several example
                       s using built-in LEDs
   25 00000000         
   26 00000000         _Init_PortF
   27 00000000 B503            PUSH             {R0,R1,LR}
   28 00000002 4910            LDR              R1,=SYSCTL_RCGCGPIO_R ; 1) acti
                                                            vate clock for Port
                                                             F
   29 00000004 6808            LDR              R0,[R1]
   30 00000006 F040 0020       ORR              R0,#0x20



ARM Macro Assembler    Page 2 


   31 0000000A 6008            STR              R0,[R1]
   32 0000000C         ; 2) no need to unlock PF  
   33 0000000C 490E            LDR              R1,=GPIO_PORTF_AMSEL_R ; 3) dis
                                                            able analog functio
                                                            nality
   34 0000000E 6808            LDR              R0,[R1]
   35 00000010 F020 00FF       BIC              R0,#0xFF
   36 00000014 6008            STR              R0,[R1]
   37 00000016         ; 4) configure as GPIO
   38 00000016 490D            LDR              R1,=GPIO_PORTF_DIR_R ; 5) set d
                                                            irection register
   39 00000018 6808            LDR              R0,[R1]
   40 0000001A F040 000F       ORR              R0,#0x0F
   41 0000001E 6008            STR              R0,[R1]
   42 00000020 490B            LDR              R1,=GPIO_PORTF_AFSEL_R ; 6) reg
                                                            ular port function
   43 00000022 6808            LDR              R0,[R1]
   44 00000024 F020 00FF       BIC              R0,#0xFF
   45 00000028 6008            STR              R0,[R1]
   46 0000002A 490A            LDR              R1,=GPIO_PORTF_DEN_R ; 7) enabl
                                                            e Port F digital po
                                                            rt
   47 0000002C 6808            LDR              R0,[R1]
   48 0000002E F040 00FF       ORR              R0,#0xFF
   49 00000032 6008            STR              R0,[R1]
   50 00000034 4908            LDR              R1,=GPIO_PORTF_DATA_R ; Turn of
                                                            f LED (RG&B)
   51 00000036 F04F 0000       MOV              R0,#0x00
   52 0000003A 7008            STRB             R0,[R1]
   53 0000003C E8BD 4003       POP              {R0,R1,LR}
   54 00000040 4770            BX               LR
   55 00000042         
   56 00000042 00 00           ALIGN                        ; make sure the end
                                                             of this section is
                                                             aligned
   57 00000044                 END
              400FE608 
              40025528 
              40025400 
              40025420 
              4002551C 
              400253FC 
Command Line: --debug --xref --diag_suppress=9931 --cpu=Cortex-M4.fp --apcs=int
erwork --depend=.\blinks.d -o.\blinks.o -I.\RTE\_Target_1 -IC:\Keil_v5\ARM\PACK
\Keil\TM4C_DFP\1.1.0\Device\Include\TM4C123 -IC:\Keil_v5\ARM\CMSIS\Include --pr
edefine="__EVAL SETA 1" --predefine="__UVISION_VERSION SETA 525" --predefine="T
M4C123GH6PM SETA 1" --list=.\blinks.lst Blinks.s



ARM Macro Assembler    Page 1 Alphabetic symbol ordering
Relocatable symbols

.text 00000000

Symbol: .text
   Definitions
      At line 15 in file Blinks.s
   Uses
      None
Comment: .text unused
_Init_PortF 00000000

Symbol: _Init_PortF
   Definitions
      At line 26 in file Blinks.s
   Uses
      At line 17 in file Blinks.s
Comment: _Init_PortF used once
2 symbols



ARM Macro Assembler    Page 1 Alphabetic symbol ordering
Absolute symbols

DELAYCNTR 00186A00

Symbol: DELAYCNTR
   Definitions
      At line 12 in file Blinks.s
   Uses
      At line 13 in file Blinks.s
Comment: DELAYCNTR used once
DELAYCNTRSHORT 00061A80

Symbol: DELAYCNTRSHORT
   Definitions
      At line 13 in file Blinks.s
   Uses
      None
Comment: DELAYCNTRSHORT unused
GPIO_PORTF_AFSEL_R 40025420

Symbol: GPIO_PORTF_AFSEL_R
   Definitions
      At line 4 in file Blinks.s
   Uses
      At line 42 in file Blinks.s
Comment: GPIO_PORTF_AFSEL_R used once
GPIO_PORTF_AMSEL_R 40025528

Symbol: GPIO_PORTF_AMSEL_R
   Definitions
      At line 7 in file Blinks.s
   Uses
      At line 33 in file Blinks.s
Comment: GPIO_PORTF_AMSEL_R used once
GPIO_PORTF_DATA_R 400253FC

Symbol: GPIO_PORTF_DATA_R
   Definitions
      At line 2 in file Blinks.s
   Uses
      At line 50 in file Blinks.s
Comment: GPIO_PORTF_DATA_R used once
GPIO_PORTF_DEN_R 4002551C

Symbol: GPIO_PORTF_DEN_R
   Definitions
      At line 6 in file Blinks.s
   Uses
      At line 46 in file Blinks.s
Comment: GPIO_PORTF_DEN_R used once
GPIO_PORTF_DIR_R 40025400

Symbol: GPIO_PORTF_DIR_R
   Definitions
      At line 3 in file Blinks.s
   Uses
      At line 38 in file Blinks.s
Comment: GPIO_PORTF_DIR_R used once
GPIO_PORTF_PCTL_R 4002552C

Symbol: GPIO_PORTF_PCTL_R



ARM Macro Assembler    Page 2 Alphabetic symbol ordering
Absolute symbols

   Definitions
      At line 8 in file Blinks.s
   Uses
      None
Comment: GPIO_PORTF_PCTL_R unused
GPIO_PORTF_PUR_R 40025510

Symbol: GPIO_PORTF_PUR_R
   Definitions
      At line 5 in file Blinks.s
   Uses
      None
Comment: GPIO_PORTF_PUR_R unused
PCTLCNST 0000FFF0

Symbol: PCTLCNST
   Definitions
      At line 10 in file Blinks.s
   Uses
      None
Comment: PCTLCNST unused
SYSCTL_RCGCGPIO_R 400FE608

Symbol: SYSCTL_RCGCGPIO_R
   Definitions
      At line 9 in file Blinks.s
   Uses
      At line 28 in file Blinks.s
Comment: SYSCTL_RCGCGPIO_R used once
11 symbols
349 symbols in table
